<?xml version="1.0" encoding="UTF-8"?>
<testsuite xmlns:xsi="http://www.w3.org/2001/XMLSchema-instance" xsi:noNamespaceSchemaLocation="https://maven.apache.org/surefire/maven-surefire-plugin/xsd/surefire-test-report.xsd" name="ConstructorBurgerTest" time="52.269" tests="6" errors="0" skipped="0" failures="0">
  <properties>
[...]
</properties>
  <testcase name="clickFillingsSectionButtonTest" classname="ConstructorBurgerTest" time="19.456"/>
  <testcase name="scrollBunsSectionTest" classname="ConstructorBurgerTest" time="6.546"/>
  <testcase name="scrollFillingsSectionTest" classname="ConstructorBurgerTest" time="7.177"/>
  <testcase name="scrollSaucesSectionTest" classname="ConstructorBurgerTest" time="5.536"/>
  <testcase name="clickSaucesSectionButtonTest" classname="ConstructorBurgerTest" time="6.737"/>
  <testcase name="clickBunsSectionButtonTest" classname="ConstructorBurgerTest" time="6.588"/>
</testsuite>